Determining if the function pthread_create exists in the pthreads failed with the following output:
Change Dir: /home/spencer/Desktop/epc-dolte/build/spgw/build/CMakeFiles/CMakeTmp

Run Build Command:"/usr/bin/make" "cmTC_b3477/fast"
/usr/bin/make -f CMakeFiles/cmTC_b3477.dir/build.make CMakeFiles/cmTC_b3477.dir/build
make[1]: Entering directory '/home/spencer/Desktop/epc-dolte/build/spgw/build/CMakeFiles/CMakeTmp'
Building C object CMakeFiles/cmTC_b3477.dir/CheckFunctionExists.c.o
/usr/bin/cc    -msse4.2 -std=gnu99 -Wall -Wstrict-prototypes -fno-strict-aliasing -rdynamic -funroll-loops -Wno-packed-bitfield-compat -fPIC  -DSTDC_HEADERS=1 -DHAVE_SYS_TYPES_H=1 -DHAVE_SYS_STAT_H=1 -DHAVE_STDLIB_H=1 -DHAVE_STRING_H=1 -DHAVE_MEMORY_H=1 -DHAVE_STRINGS_H=1 -DHAVE_INTTYPES_H=1 -DHAVE_STDINT_H=1 -DHAVE_UNISTD_H=1 -DHAVE_FCNTL_H=1 -DHAVE_ARPA_INET_H=1 -DHAVE_SYS_TIME_H=1 -DHAVE_SYS_SOCKET_H=1 -DHAVE_STRERROR=1 -DHAVE_SOCKET=1 -DHAVE_MEMSET=1 -DHAVE_GETTIMEOFDAY=1 -DHAVE_STDLIB_H=1 -DHAVE_MALLOC=1 -DHAVE_LIBSCTP -DCHECK_FUNCTION_EXISTS=pthread_create   -o CMakeFiles/cmTC_b3477.dir/CheckFunctionExists.c.o   -c /usr/share/cmake-3.7/Modules/CheckFunctionExists.c
/usr/share/cmake-3.7/Modules/CheckFunctionExists.c:7:3: warning: function declaration isn’t a prototype [-Wstrict-prototypes]
   CHECK_FUNCTION_EXISTS();
   ^~~~~~~~~~~~~~~~~~~~~
Linking C executable cmTC_b3477
/usr/bin/cmake -E cmake_link_script CMakeFiles/cmTC_b3477.dir/link.txt --verbose=1
/usr/bin/cc   -msse4.2 -std=gnu99 -Wall -Wstrict-prototypes -fno-strict-aliasing -rdynamic -funroll-loops -Wno-packed-bitfield-compat -fPIC  -DSTDC_HEADERS=1 -DHAVE_SYS_TYPES_H=1 -DHAVE_SYS_STAT_H=1 -DHAVE_STDLIB_H=1 -DHAVE_STRING_H=1 -DHAVE_MEMORY_H=1 -DHAVE_STRINGS_H=1 -DHAVE_INTTYPES_H=1 -DHAVE_STDINT_H=1 -DHAVE_UNISTD_H=1 -DHAVE_FCNTL_H=1 -DHAVE_ARPA_INET_H=1 -DHAVE_SYS_TIME_H=1 -DHAVE_SYS_SOCKET_H=1 -DHAVE_STRERROR=1 -DHAVE_SOCKET=1 -DHAVE_MEMSET=1 -DHAVE_GETTIMEOFDAY=1 -DHAVE_STDLIB_H=1 -DHAVE_MALLOC=1 -DHAVE_LIBSCTP -DCHECK_FUNCTION_EXISTS=pthread_create    CMakeFiles/cmTC_b3477.dir/CheckFunctionExists.c.o  -o cmTC_b3477 -rdynamic -lpthreads 
/usr/bin/ld: cannot find -lpthreads
collect2: error: ld returned 1 exit status
CMakeFiles/cmTC_b3477.dir/build.make:97: recipe for target 'cmTC_b3477' failed
make[1]: *** [cmTC_b3477] Error 1
make[1]: Leaving directory '/home/spencer/Desktop/epc-dolte/build/spgw/build/CMakeFiles/CMakeTmp'
Makefile:126: recipe for target 'cmTC_b3477/fast' failed
make: *** [cmTC_b3477/fast] Error 2


